2020-09-06 23:39:58  [ http-nio-8088-exec-3:0 ] - [ INFO ]  Path:DiseaseByName,name:肺炎	flag:true
2020-09-06 23:40:02  [ http-nio-8088-exec-10:4634 ] - [ INFO ]  Path:DiseaseByName,name:test4	flag:true
2020-09-06 23:40:22  [ http-nio-8088-exec-2:24436 ] - [ INFO ]  Path:DiseaseByName,name:肺炎	flag:true
2020-09-06 23:40:32  [ http-nio-8088-exec-8:33775 ] - [ INFO ]  Path:DiseaseByName,name:非恶意	flag:true
2020-09-06 23:40:34  [ http-nio-8088-exec-6:36313 ] - [ INFO ]  Path:DiseaseByName,name:肺炎	flag:true
2020-09-07 18:41:53  [ http-nio-8088-exec-6:0 ] - [ INFO ]  Path:DiseaseByName,name:肺炎	flag:true
2020-09-07 18:42:19  [ http-nio-8088-exec-7:25991 ] - [ INFO ]  Path:DiseaseByName,name:肺炎	flag:true
2020-09-07 18:42:40  [ http-nio-8088-exec-4:46886 ] - [ INFO ]  Path:DiseaseByName,name:肺炎	flag:true
2020-09-07 18:43:14  [ http-nio-8088-exec-5:81467 ] - [ INFO ]  Path:DiseaseByName,name:肺炎	flag:true
2020-09-07 18:43:30  [ http-nio-8088-exec-10:96868 ] - [ INFO ]  Path:DiseaseByName,name:口胡	flag:true
2020-09-07 18:43:39  [ http-nio-8088-exec-6:105914 ] - [ INFO ]  Path:DiseaseByName,name:test4	flag:true
2020-09-07 18:45:35  [ http-nio-8088-exec-6:221993 ] - [ INFO ]  Path:DiseaseByName,name:test4	flag:null
2020-09-07 18:57:48  [ http-nio-8088-exec-2:954792 ] - [ INFO ]  Path:DiseaseByName,name:肺炎	flag:true
2020-09-07 19:05:02  [ http-nio-8088-exec-6:1388769 ] - [ INFO ]  Path:DiseaseByName,name:肺炎	flag:true
2020-09-07 19:05:17  [ http-nio-8088-exec-1:1403817 ] - [ INFO ]  Path:DiseaseByName,name:肺	flag:true
2020-09-07 19:05:19  [ http-nio-8088-exec-4:1406483 ] - [ INFO ]  Path:DiseaseByName,name:肺	flag:false
2020-09-07 19:05:28  [ http-nio-8088-exec-9:1415542 ] - [ INFO ]  Path:DiseaseByName,name:肺炎	flag:true
2020-09-07 19:05:35  [ http-nio-8088-exec-2:1421952 ] - [ INFO ]  Path:DiseaseByName,name:1	flag:true
2020-09-07 19:05:39  [ http-nio-8088-exec-3:1425958 ] - [ INFO ]  Path:DiseaseByName,name:肺炎	flag:true
2020-09-07 19:17:57  [ http-nio-8088-exec-9:2163822 ] - [ INFO ]  Path:DiseaseByName,name:肺	flag:true
2020-09-07 19:18:00  [ http-nio-8088-exec-2:2167511 ] - [ INFO ]  Path:DiseaseByName,name:肺	flag:false
2020-09-07 19:18:17  [ http-nio-8088-exec-5:2183733 ] - [ INFO ]  Path:DiseaseByName,name:肺炎	flag:true
2020-09-07 19:18:23  [ http-nio-8088-exec-1:2190244 ] - [ INFO ]  Path:DiseaseByName,name:肺癌	flag:true
2020-09-07 19:18:26  [ http-nio-8088-exec-4:2193564 ] - [ INFO ]  Path:DiseaseByName,name:肺炎	flag:true
2020-09-07 19:20:02  [ http-nio-8088-exec-5:2288817 ] - [ INFO ]  Path:DiseaseByName,name:测试添加词条	flag:true
2020-09-07 19:20:29  [ http-nio-8088-exec-10:2316595 ] - [ INFO ]  Path:DiseaseByName,name:测试提交2	flag:true
2020-09-07 19:20:45  [ http-nio-8088-exec-6:2332182 ] - [ INFO ]  Path:DiseaseByName,name:肺炎	flag:true
2020-09-07 19:21:11  [ http-nio-8088-exec-4:2357737 ] - [ INFO ]  Path:DiseaseByName,name:测试添加词条	flag:true
2020-09-07 19:21:29  [ http-nio-8088-exec-9:2375758 ] - [ INFO ]  Path:DiseaseByName,name:测试提交2	flag:true
2020-09-07 19:21:46  [ http-nio-8088-exec-7:2393608 ] - [ INFO ]  Path:DiseaseByName,name:测试添加词条	flag:true
2020-09-07 19:28:42  [ http-nio-8088-exec-7:2809545 ] - [ INFO ]  Path:DiseaseByName,name:肺炎	flag:true
2020-09-07 19:28:54  [ http-nio-8088-exec-5:2821664 ] - [ INFO ]  Path:DiseaseByName,name:肺癌	flag:true
2020-09-07 19:28:58  [ http-nio-8088-exec-1:2824875 ] - [ INFO ]  Path:DiseaseByName,name:肺气肿	flag:true
2020-09-07 19:29:02  [ http-nio-8088-exec-4:2829704 ] - [ INFO ]  Path:DiseaseByName,name:1	flag:true
2020-09-07 19:29:05  [ http-nio-8088-exec-8:2832359 ] - [ INFO ]  Path:DiseaseByName,name:游戏王	flag:true
2020-09-07 19:29:52  [ http-nio-8088-exec-10:2879291 ] - [ INFO ]  Path:DiseaseByName,name:二	flag:true
2020-09-07 19:30:09  [ http-nio-8088-exec-2:2896242 ] - [ INFO ]  Path:DiseaseByName,name:游戏王	flag:true
2020-09-07 19:30:19  [ http-nio-8088-exec-3:2906002 ] - [ INFO ]  Path:DiseaseByName,name:%E4%BA%8C	flag:true
2020-09-07 19:30:24  [ http-nio-8088-exec-6:2910866 ] - [ INFO ]  Path:DiseaseByName,name:二	flag:true
2020-09-07 19:30:26  [ http-nio-8088-exec-7:2912846 ] - [ INFO ]  Path:DiseaseByName,name:二	flag:false
2020-09-07 19:30:30  [ http-nio-8088-exec-5:2917713 ] - [ INFO ]  Path:DiseaseByName,name:二	flag:false
2020-09-07 19:30:34  [ http-nio-8088-exec-1:2921109 ] - [ INFO ]  Path:DiseaseByName,name:肺	flag:true
2020-09-07 19:30:35  [ http-nio-8088-exec-4:2922248 ] - [ INFO ]  Path:DiseaseByName,name:肺	flag:false
2020-09-07 19:36:19  [ http-nio-8088-exec-10:3266497 ] - [ INFO ]  Path:DiseaseByName,name:%E8%82%BA	flag:true
2020-09-07 19:36:23  [ http-nio-8088-exec-9:3269803 ] - [ INFO ]  Path:DiseaseByName,name:肺	flag:true
2020-09-07 19:36:24  [ http-nio-8088-exec-2:3271441 ] - [ INFO ]  Path:DiseaseByName,name:肺	flag:false
2020-09-07 19:36:30  [ http-nio-8088-exec-6:3277499 ] - [ INFO ]  Path:DiseaseByName,name:%E8%82%BA	flag:true
2020-09-07 19:38:03  [ http-nio-8088-exec-5:3370355 ] - [ INFO ]  Path:DiseaseByName,name:%E8%82%BA	flag:true
2020-09-07 19:38:05  [ http-nio-8088-exec-1:3372324 ] - [ INFO ]  Path:DiseaseByName,name:肺	flag:true
2020-09-07 19:38:06  [ http-nio-8088-exec-4:3373728 ] - [ INFO ]  Path:DiseaseByName,name:肺	flag:false
2020-09-07 19:38:23  [ http-nio-8088-exec-8:3390511 ] - [ INFO ]  Path:DiseaseByName,name:肺	flag:false
2020-09-07 19:38:24  [ http-nio-8088-exec-10:3391428 ] - [ INFO ]  Path:DiseaseByName,name:肺	flag:false
2020-09-07 19:38:25  [ http-nio-8088-exec-9:3392044 ] - [ INFO ]  Path:DiseaseByName,name:肺	flag:false
2020-09-07 19:38:25  [ http-nio-8088-exec-2:3392560 ] - [ INFO ]  Path:DiseaseByName,name:肺	flag:false
2020-09-07 19:38:26  [ http-nio-8088-exec-3:3393206 ] - [ INFO ]  Path:DiseaseByName,name:肺	flag:false
2020-09-07 19:38:27  [ http-nio-8088-exec-6:3393760 ] - [ INFO ]  Path:DiseaseByName,name:肺	flag:false
2020-09-07 19:38:27  [ http-nio-8088-exec-7:3394284 ] - [ INFO ]  Path:DiseaseByName,name:肺	flag:false
2020-09-07 19:38:28  [ http-nio-8088-exec-5:3394813 ] - [ INFO ]  Path:DiseaseByName,name:肺	flag:false
2020-09-07 19:38:28  [ http-nio-8088-exec-1:3395471 ] - [ INFO ]  Path:DiseaseByName,name:肺	flag:false
2020-09-07 19:38:29  [ http-nio-8088-exec-4:3396385 ] - [ INFO ]  Path:DiseaseByName,name:肺	flag:false
2020-09-07 19:38:30  [ http-nio-8088-exec-8:3397063 ] - [ INFO ]  Path:DiseaseByName,name:肺	flag:false
2020-09-07 19:38:30  [ http-nio-8088-exec-10:3397701 ] - [ INFO ]  Path:DiseaseByName,name:肺	flag:false
2020-09-07 19:38:31  [ http-nio-8088-exec-9:3398275 ] - [ INFO ]  Path:DiseaseByName,name:肺	flag:false
2020-09-07 19:42:06  [ http-nio-8088-exec-6:3613061 ] - [ INFO ]  Path:DiseaseByName,name:%E8%82%BA	flag:true
2020-09-07 19:42:08  [ http-nio-8088-exec-7:3615435 ] - [ INFO ]  Path:DiseaseByName,name:肺	flag:true
2020-09-07 19:42:11  [ http-nio-8088-exec-5:3618469 ] - [ INFO ]  Path:DiseaseByName,name:肺	flag:false
2020-09-07 19:42:33  [ http-nio-8088-exec-1:3640204 ] - [ INFO ]  Path:DiseaseByName,name:%E8%82%BA	flag:true
2020-09-07 19:42:35  [ http-nio-8088-exec-4:3642171 ] - [ INFO ]  Path:DiseaseByName,name:肺	flag:true
2020-09-07 19:42:36  [ http-nio-8088-exec-8:3643596 ] - [ INFO ]  Path:DiseaseByName,name:肺	flag:false
2020-09-07 19:42:48  [ http-nio-8088-exec-10:3655415 ] - [ INFO ]  Path:DiseaseByName,name:二	flag:true
2020-09-07 19:42:53  [ http-nio-8088-exec-9:3660363 ] - [ INFO ]  Path:DiseaseByName,name:肺	flag:true
2020-09-07 19:44:22  [ http-nio-8088-exec-6:3749036 ] - [ INFO ]  Path:DiseaseByName,name:%E8%82%BA	flag:true
2020-09-07 19:44:23  [ http-nio-8088-exec-7:3750578 ] - [ INFO ]  Path:DiseaseByName,name:肺	flag:true
2020-09-07 19:44:24  [ http-nio-8088-exec-5:3751708 ] - [ INFO ]  Path:DiseaseByName,name:肺	flag:false
2020-09-07 19:44:26  [ http-nio-8088-exec-1:3753580 ] - [ INFO ]  Path:DiseaseByName,name:二	flag:true
2020-09-07 19:44:31  [ http-nio-8088-exec-4:3758529 ] - [ INFO ]  Path:DiseaseByName,name:肺	flag:true
2020-09-07 19:44:47  [ http-nio-8088-exec-8:3773847 ] - [ INFO ]  Path:DiseaseByName,name:%E8%82%BA	flag:true
2020-09-07 19:44:48  [ http-nio-8088-exec-10:3775582 ] - [ INFO ]  Path:DiseaseByName,name:肺	flag:true
2020-09-07 19:44:49  [ http-nio-8088-exec-9:3776717 ] - [ INFO ]  Path:DiseaseByName,name:肺	flag:false
2020-09-07 19:44:52  [ http-nio-8088-exec-2:3778760 ] - [ INFO ]  Path:DiseaseByName,name:二	flag:true
2020-09-07 19:44:53  [ http-nio-8088-exec-3:3780108 ] - [ INFO ]  Path:DiseaseByName,name:二	flag:false
2020-09-07 19:44:59  [ http-nio-8088-exec-6:3785796 ] - [ INFO ]  Path:DiseaseByName,name:肺	flag:true
2020-09-07 19:45:00  [ http-nio-8088-exec-7:3787617 ] - [ INFO ]  Path:DiseaseByName,name:肺	flag:false
2020-09-07 19:45:08  [ http-nio-8088-exec-5:3795599 ] - [ INFO ]  Path:DiseaseByName,name:肺	flag:false
2020-09-07 19:46:57  [ http-nio-8088-exec-4:3904537 ] - [ INFO ]  Path:DiseaseByName,name:%E8%82%BA	flag:true
2020-09-07 19:47:01  [ http-nio-8088-exec-8:3908417 ] - [ INFO ]  Path:DiseaseByName,name:肺	flag:true
2020-09-07 19:47:03  [ http-nio-8088-exec-10:3910284 ] - [ INFO ]  Path:DiseaseByName,name:肺	flag:false
2020-09-07 19:47:06  [ http-nio-8088-exec-9:3912876 ] - [ INFO ]  Path:DiseaseByName,name:二	flag:true
2020-09-07 19:47:07  [ http-nio-8088-exec-2:3913973 ] - [ INFO ]  Path:DiseaseByName,name:二	flag:false
2020-09-07 19:56:52  [ http-nio-8088-exec-7:4499420 ] - [ INFO ]  Path:DiseaseByName,name:%E4%BA%8C	flag:true
2020-09-07 20:07:56  [ http-nio-8088-exec-1:5162838 ] - [ INFO ]  Path:DiseaseByName,name:%E4%BA%8C	flag:true
2020-09-07 20:10:54  [ http-nio-8088-exec-8:5340858 ] - [ INFO ]  Path:DiseaseByName,name:幽语	flag:true
2020-09-07 20:24:06  [ http-nio-8088-exec-9:6132755 ] - [ INFO ]  Path:DiseaseByName,name:幽语	flag:true
2020-09-07 20:24:08  [ http-nio-8088-exec-2:6135259 ] - [ INFO ]  Path:DiseaseByName,name:肺	flag:true
2020-09-07 20:24:09  [ http-nio-8088-exec-3:6136615 ] - [ INFO ]  Path:DiseaseByName,name:肺	flag:false
2020-09-07 20:24:23  [ http-nio-8088-exec-5:6149894 ] - [ INFO ]  Path:DiseaseByName,name:肺炎	flag:true
2020-09-07 20:24:36  [ http-nio-8088-exec-1:6162945 ] - [ INFO ]  Path:DiseaseByName,name:肺癌	flag:true
2020-09-07 20:44:21  [ http-nio-8088-exec-9:7348546 ] - [ INFO ]  Path:DiseaseByName,name:%E8%82%BA%E7%99%8C	flag:true
2020-09-07 20:44:24  [ http-nio-8088-exec-2:7351713 ] - [ INFO ]  Path:DiseaseByName,name:肺癌	flag:true
2020-09-07 20:49:30  [ http-nio-8088-exec-7:7657246 ] - [ INFO ]  Path:DiseaseByName,name:肺炎	flag:true
2020-09-07 20:52:03  [ http-nio-8088-exec-1:7810442 ] - [ INFO ]  Path:DiseaseByName,name:%E8%82%BA%E7%82%8E	flag:true
2020-09-07 20:52:19  [ http-nio-8088-exec-4:7826201 ] - [ INFO ]  Path:DiseaseByName,name:肺炎	flag:true
2020-09-07 20:52:29  [ http-nio-8088-exec-8:7835888 ] - [ INFO ]  Path:DiseaseByName,name:肺癌	flag:true
2020-09-07 21:13:51  [ http-nio-8088-exec-2:9117788 ] - [ INFO ]  Path:DiseaseByName,name:%E8%82%BA%E7%99%8C	flag:true
2020-09-07 21:14:00  [ http-nio-8088-exec-10:9126822 ] - [ INFO ]  Path:DiseaseByName,name:test	flag:true
2020-09-07 21:14:03  [ http-nio-8088-exec-2:9130637 ] - [ INFO ]  Path:DiseaseByName,name:肺炎	flag:true
2020-09-07 22:32:42  [ http-nio-8088-exec-4:13848977 ] - [ INFO ]  Path:DiseaseByName,name:肺炎	flag:true
2020-09-07 23:49:21  [ http-nio-8088-exec-1:18448546 ] - [ INFO ]  Path:DiseaseByName,name:肺炎	flag:true
2020-09-07 23:54:21  [ http-nio-8088-exec-6:18748544 ] - [ INFO ]  Path:DiseaseByName,name:肺炎	flag:true
2020-09-07 23:54:40  [ http-nio-8088-exec-7:18766994 ] - [ INFO ]  Path:DiseaseByName,name:肺炎	flag:true
2020-09-07 23:56:08  [ http-nio-8088-exec-7:18855704 ] - [ INFO ]  Path:DiseaseByName,name:肺炎	flag:true
2020-09-07 23:59:25  [ http-nio-8088-exec-9:19051890 ] - [ INFO ]  Path:DiseaseByName,name:肺炎	flag:true
2020-09-08 00:03:02  [ http-nio-8088-exec-4:19269292 ] - [ INFO ]  Path:DiseaseByName,name:%E8%82%BA%E7%82%8E	flag:true
2020-09-08 00:10:28  [ http-nio-8088-exec-5:19715611 ] - [ INFO ]  Path:DiseaseByName,name:肺炎	flag:true
2020-09-08 00:17:50  [ http-nio-8088-exec-10:20157031 ] - [ INFO ]  Path:DiseaseByName,name:%E8%82%BA%E7%82%8E	flag:true
2020-09-08 00:17:53  [ http-nio-8088-exec-6:20159810 ] - [ INFO ]  Path:DiseaseByName,name:肺炎	flag:true
2020-09-08 00:20:33  [ http-nio-8088-exec-2:20320695 ] - [ INFO ]  Path:DiseaseByName,name:%E8%82%BA%E7%82%8E	flag:true
2020-09-08 00:20:36  [ http-nio-8088-exec-9:20322924 ] - [ INFO ]  Path:DiseaseByName,name:肺炎	flag:true
2020-09-08 00:21:06  [ http-nio-8088-exec-8:20353068 ] - [ INFO ]  Path:DiseaseByName,name:%E8%82%BA%E7%82%8E	flag:true
2020-09-08 00:21:10  [ http-nio-8088-exec-4:20356870 ] - [ INFO ]  Path:DiseaseByName,name:肺炎	flag:true
2020-09-08 00:21:30  [ http-nio-8088-exec-7:20376787 ] - [ INFO ]  Path:DiseaseByName,name:%E8%82%BA%E7%82%8E	flag:true
2020-09-08 00:22:00  [ http-nio-8088-exec-5:20406960 ] - [ INFO ]  Path:DiseaseByName,name:%E8%82%BA%E7%82%8E	flag:true
2020-09-08 00:22:12  [ http-nio-8088-exec-1:20418916 ] - [ INFO ]  Path:DiseaseByName,name:肺炎	flag:true
2020-09-08 00:26:41  [ http-nio-8088-exec-6:20688562 ] - [ INFO ]  Path:DiseaseByName,name:%E8%82%BA%E7%82%8E	flag:true
2020-09-08 00:26:44  [ http-nio-8088-exec-3:20691238 ] - [ INFO ]  Path:DiseaseByName,name:肺炎	flag:true
2020-09-08 00:29:23  [ http-nio-8088-exec-9:20850385 ] - [ INFO ]  Path:DiseaseByName,name:%E8%82%BA%E7%82%8E	flag:true
2020-09-08 00:30:59  [ http-nio-8088-exec-4:20945748 ] - [ INFO ]  Path:DiseaseByName,name:%E8%82%BA%E7%82%8E	flag:true
2020-09-08 00:31:01  [ http-nio-8088-exec-7:20948050 ] - [ INFO ]  Path:DiseaseByName,name:肺炎	flag:true
2020-09-08 00:31:20  [ http-nio-8088-exec-5:20967010 ] - [ INFO ]  Path:DiseaseByName,name:%E8%82%BA%E7%82%8E	flag:true
2020-09-08 00:31:22  [ http-nio-8088-exec-1:20969081 ] - [ INFO ]  Path:DiseaseByName,name:肺炎	flag:true
2020-09-08 00:31:33  [ http-nio-8088-exec-10:20980394 ] - [ INFO ]  Path:DiseaseByName,name:%E8%82%BA%E7%82%8E	flag:true
2020-09-08 00:31:35  [ http-nio-8088-exec-6:20982581 ] - [ INFO ]  Path:DiseaseByName,name:肺炎	flag:true
2020-09-08 00:33:05  [ http-nio-8088-exec-2:21072249 ] - [ INFO ]  Path:DiseaseByName,name:%E8%82%BA%E7%82%8E	flag:true
2020-09-08 00:33:07  [ http-nio-8088-exec-9:21074368 ] - [ INFO ]  Path:DiseaseByName,name:肺炎	flag:true
2020-09-08 00:35:27  [ http-nio-8088-exec-4:21213899 ] - [ INFO ]  Path:DiseaseByName,name:%E8%82%BA%E7%82%8E	flag:true
2020-09-08 00:35:38  [ http-nio-8088-exec-7:21225533 ] - [ INFO ]  Path:DiseaseByName,name:%E8%82%BA%E7%82%8E	flag:true
2020-09-08 00:35:55  [ http-nio-8088-exec-5:21242568 ] - [ INFO ]  Path:DiseaseByName,name:%E8%82%BA%E7%82%8E	flag:true
2020-09-08 00:37:01  [ http-nio-8088-exec-10:21308583 ] - [ INFO ]  Path:DiseaseByName,name:%E8%82%BA%E7%82%8E	flag:true
2020-09-08 00:37:05  [ http-nio-8088-exec-6:21312202 ] - [ INFO ]  Path:DiseaseByName,name:肺炎	flag:true
2020-09-08 00:37:44  [ http-nio-8088-exec-3:21350861 ] - [ INFO ]  Path:DiseaseByName,name:%E8%82%BA%E7%82%8E	flag:true
2020-09-08 00:37:45  [ http-nio-8088-exec-2:21352603 ] - [ INFO ]  Path:DiseaseByName,name:肺炎	flag:true
2020-09-08 00:39:10  [ http-nio-8088-exec-8:21437712 ] - [ INFO ]  Path:DiseaseByName,name:%E8%82%BA%E7%82%8E	flag:true
2020-09-08 00:39:13  [ http-nio-8088-exec-4:21440017 ] - [ INFO ]  Path:DiseaseByName,name:肺炎	flag:true
2020-09-08 00:40:34  [ http-nio-8088-exec-5:21520872 ] - [ INFO ]  Path:DiseaseByName,name:%E8%82%BA%E7%82%8E	flag:true
2020-09-08 00:40:35  [ http-nio-8088-exec-1:21522616 ] - [ INFO ]  Path:DiseaseByName,name:肺炎	flag:true
2020-09-08 00:58:27  [ http-nio-8088-exec-3:22594230 ] - [ INFO ]  Path:DiseaseByName,name:%E8%82%BA%E7%82%8E	flag:true
2020-09-08 00:58:30  [ http-nio-8088-exec-2:22596829 ] - [ INFO ]  Path:DiseaseByName,name:肺炎	flag:true
2020-09-08 01:01:13  [ http-nio-8088-exec-4:22760193 ] - [ INFO ]  Path:DiseaseByName,name:%E8%82%BA%E7%82%8E	flag:true
2020-09-08 01:01:15  [ http-nio-8088-exec-7:22761799 ] - [ INFO ]  Path:DiseaseByName,name:肺炎	flag:true
2020-09-08 01:01:25  [ http-nio-8088-exec-5:22772475 ] - [ INFO ]  Path:DiseaseByName,name:肺癌	flag:true
2020-09-08 01:01:39  [ http-nio-8088-exec-1:22785787 ] - [ INFO ]  Path:DiseaseByName,name:肺	flag:true
2020-09-08 01:11:40  [ http-nio-8088-exec-9:23387537 ] - [ INFO ]  Path:DiseaseByName,name:%E8%82%BA	flag:true
2020-09-08 01:11:42  [ http-nio-8088-exec-8:23389690 ] - [ INFO ]  Path:DiseaseByName,name:肺	flag:true
2020-09-08 01:12:04  [ http-nio-8088-exec-7:23411680 ] - [ INFO ]  Path:DiseaseByName,name:肺炎	flag:true
2020-09-08 01:12:08  [ http-nio-8088-exec-5:23414832 ] - [ INFO ]  Path:DiseaseByName,name:肺	flag:true
2020-09-08 01:12:19  [ http-nio-8088-exec-10:23425850 ] - [ INFO ]  Path:DiseaseByName,name:肺炎	flag:true
2020-09-08 01:12:22  [ http-nio-8088-exec-6:23429196 ] - [ INFO ]  Path:DiseaseByName,name:肺	flag:true
2020-09-08 10:00:26  [ http-nio-8088-exec-10:0 ] - [ INFO ]  Path:DiseaseByName,name:肺炎	flag:true
2020-09-08 10:01:01  [ http-nio-8088-exec-1:35240 ] - [ INFO ]  Path:DiseaseByName,name:肺癌	flag:true
2020-09-08 10:02:01  [ http-nio-8088-exec-9:95192 ] - [ INFO ]  Path:DiseaseByName,name:%E8%82%BA%E7%82%8E	flag:true
2020-09-08 10:02:03  [ http-nio-8088-exec-8:96950 ] - [ INFO ]  Path:DiseaseByName,name:肺癌	flag:true
2020-09-08 10:02:26  [ http-nio-8088-exec-6:120539 ] - [ INFO ]  Path:DiseaseByName,name:%E8%82%BA%E7%99%8C	flag:true
2020-09-08 10:02:28  [ http-nio-8088-exec-10:121905 ] - [ INFO ]  Path:DiseaseByName,name:肺癌	flag:true
2020-09-08 10:02:32  [ http-nio-8088-exec-1:126343 ] - [ INFO ]  Path:DiseaseByName,name:肺	flag:true
2020-09-08 10:02:49  [ http-nio-8088-exec-3:143540 ] - [ INFO ]  Path:DiseaseByName,name:肺爱	flag:true
2020-09-08 10:02:53  [ http-nio-8088-exec-4:147027 ] - [ INFO ]  Path:DiseaseByName,name:肺癌	flag:true
2020-09-08 10:15:08  [ http-nio-8088-exec-1:882057 ] - [ INFO ]  Path:DiseaseByName,name:肺炎	flag:true
2020-09-08 10:17:49  [ http-nio-8088-exec-4:1043255 ] - [ INFO ]  Path:DiseaseByName,name:%E8%82%BA%E7%82%8E	flag:true
2020-09-08 10:17:52  [ http-nio-8088-exec-5:1046363 ] - [ INFO ]  Path:DiseaseByName,name:%E8%82%BA%E7%82%8E	flag:true
2020-09-08 14:51:23  [ main:0 ] - [ INFO ]  Path:DiseaseByName,name:肺炎	flag:false
2020-09-08 18:06:23  [ http-nio-8088-exec-2:0 ] - [ INFO ]  Path:DiseaseByName,name:肺炎	flag:true
2020-09-08 18:08:21  [ http-nio-8088-exec-7:117513 ] - [ INFO ]  Path:DiseaseByName,name:%E8%82%BA%E7%82%8E	flag:true
2020-09-08 18:08:45  [ http-nio-8088-exec-10:141924 ] - [ INFO ]  Path:DiseaseByName,name:肺炎	flag:true
2020-09-08 18:08:58  [ http-nio-8088-exec-1:154588 ] - [ INFO ]  Path:DiseaseByName,name:肺	flag:true
2020-09-08 18:09:00  [ http-nio-8088-exec-3:157109 ] - [ INFO ]  Path:DiseaseByName,name:肺	flag:false
2020-09-08 18:09:15  [ http-nio-8088-exec-6:172424 ] - [ INFO ]  Path:DiseaseByName,name:%E8%82%BA%E7%82%8E	flag:true
2020-09-08 18:09:35  [ http-nio-8088-exec-9:191920 ] - [ INFO ]  Path:DiseaseByName,name:肺	flag:true
2020-09-08 18:09:44  [ http-nio-8088-exec-5:201262 ] - [ INFO ]  Path:DiseaseByName,name:肺	flag:true
2020-09-08 18:11:23  [ http-nio-8088-exec-3:299799 ] - [ INFO ]  Path:DiseaseByName,name:%E8%82%BA	flag:true
2020-09-08 18:11:25  [ http-nio-8088-exec-2:302259 ] - [ INFO ]  Path:DiseaseByName,name:肺	flag:true
2020-09-08 18:12:34  [ http-nio-8088-exec-9:370906 ] - [ INFO ]  Path:DiseaseByName,name:%E8%82%BA	flag:true
2020-09-08 18:12:36  [ http-nio-8088-exec-8:373041 ] - [ INFO ]  Path:DiseaseByName,name:肺	flag:true
2020-09-08 18:15:36  [ http-nio-8088-exec-10:552675 ] - [ INFO ]  Path:DiseaseByName,name:%E8%82%BA	flag:true
2020-09-08 18:15:38  [ http-nio-8088-exec-1:554558 ] - [ INFO ]  Path:DiseaseByName,name:肺	flag:true
2020-09-08 18:15:43  [ http-nio-8088-exec-2:559972 ] - [ INFO ]  Path:DiseaseByName,name:%E8%82%BA	flag:true
2020-09-08 18:15:45  [ http-nio-8088-exec-4:561612 ] - [ INFO ]  Path:DiseaseByName,name:肺	flag:true
2020-09-08 18:15:49  [ http-nio-8088-exec-9:566419 ] - [ INFO ]  Path:DiseaseByName,name:%E8%82%BA	flag:true
2020-09-08 18:15:51  [ http-nio-8088-exec-8:568173 ] - [ INFO ]  Path:DiseaseByName,name:肺	flag:true
2020-09-08 18:15:55  [ http-nio-8088-exec-7:572082 ] - [ INFO ]  Path:DiseaseByName,name:%E8%82%BA	flag:true
2020-09-08 18:15:57  [ http-nio-8088-exec-10:573625 ] - [ INFO ]  Path:DiseaseByName,name:肺	flag:true
2020-09-08 18:16:09  [ http-nio-8088-exec-3:586189 ] - [ INFO ]  Path:DiseaseByName,name:肺炎	flag:true
2020-09-08 18:16:13  [ http-nio-8088-exec-2:589871 ] - [ INFO ]  Path:DiseaseByName,name:肺	flag:true
2020-09-08 18:16:22  [ http-nio-8088-exec-6:599244 ] - [ INFO ]  Path:DiseaseByName,name:肺炎	flag:true
2020-09-08 18:16:25  [ http-nio-8088-exec-9:601653 ] - [ INFO ]  Path:DiseaseByName,name:肺	flag:true
2020-09-08 18:16:30  [ http-nio-8088-exec-5:607136 ] - [ INFO ]  Path:DiseaseByName,name:%E8%82%BA%E7%82%8E	flag:true
2020-09-08 18:16:32  [ http-nio-8088-exec-7:608454 ] - [ INFO ]  Path:DiseaseByName,name:%E8%82%BA%E7%82%8E	flag:true
2020-09-08 18:16:37  [ http-nio-8088-exec-10:613608 ] - [ INFO ]  Path:DiseaseByName,name:肺	flag:true
2020-09-08 18:16:56  [ http-nio-8088-exec-3:633272 ] - [ INFO ]  Path:DiseaseByName,name:%E8%82%BA	flag:true
2020-09-08 18:16:59  [ http-nio-8088-exec-2:635655 ] - [ INFO ]  Path:DiseaseByName,name:肺	flag:true
2020-09-08 18:23:03  [ http-nio-8088-exec-9:999698 ] - [ INFO ]  Path:DiseaseByName,name:%E8%82%BA	flag:true
2020-09-08 18:23:06  [ http-nio-8088-exec-8:1003426 ] - [ INFO ]  Path:DiseaseByName,name:肺	flag:true
2020-09-08 18:23:33  [ http-nio-8088-exec-7:1030094 ] - [ INFO ]  Path:DiseaseByName,name:肺	flag:true
2020-09-08 18:26:25  [ http-nio-8088-exec-3:1202257 ] - [ INFO ]  Path:DiseaseByName,name:肺	flag:true
2020-09-08 18:26:35  [ http-nio-8088-exec-4:1212237 ] - [ INFO ]  Path:DiseaseByName,name:肺	flag:true
2020-09-08 18:27:59  [ http-nio-8088-exec-8:1296420 ] - [ INFO ]  Path:DiseaseByName,name:肺	flag:true
2020-09-08 18:28:22  [ http-nio-8088-exec-7:1318692 ] - [ INFO ]  Path:DiseaseByName,name:肺	flag:true
2020-09-08 18:29:29  [ http-nio-8088-exec-1:1386144 ] - [ INFO ]  Path:DiseaseByName,name:肺炎	flag:true
2020-09-08 18:31:12  [ http-nio-8088-exec-2:1488928 ] - [ INFO ]  Path:DiseaseByName,name:%E8%82%BA%E7%82%8E	flag:true
2020-09-08 18:31:15  [ http-nio-8088-exec-4:1491554 ] - [ INFO ]  Path:DiseaseByName,name:肺	flag:true
2020-09-08 18:31:20  [ http-nio-8088-exec-9:1497422 ] - [ INFO ]  Path:DiseaseByName,name:肺	flag:true
2020-09-08 18:31:44  [ http-nio-8088-exec-5:1520751 ] - [ INFO ]  Path:DiseaseByName,name:肺	flag:true
2020-09-08 18:33:53  [ http-nio-8088-exec-10:1649468 ] - [ INFO ]  Path:DiseaseByName,name:%E8%82%BA	flag:true
2020-09-08 18:35:17  [ http-nio-8088-exec-3:1734141 ] - [ INFO ]  Path:DiseaseByName,name:肺	flag:true
2020-09-08 18:41:12  [ http-nio-8088-exec-4:2088622 ] - [ INFO ]  Path:DiseaseByName,name:%E8%82%BA	flag:true
2020-09-08 18:41:15  [ http-nio-8088-exec-6:2092128 ] - [ INFO ]  Path:DiseaseByName,name:肺炎	flag:true
2020-09-08 18:41:19  [ http-nio-8088-exec-9:2095638 ] - [ INFO ]  Path:DiseaseByName,name:肺	flag:true
2020-09-08 18:41:25  [ http-nio-8088-exec-5:2102423 ] - [ INFO ]  Path:DiseaseByName,name:肺炎	flag:true
2020-09-08 18:41:30  [ http-nio-8088-exec-7:2106622 ] - [ INFO ]  Path:DiseaseByName,name:肺	flag:true
2020-09-08 18:41:38  [ http-nio-8088-exec-1:2114674 ] - [ INFO ]  Path:DiseaseByName,name:%E8%82%BA	flag:true
2020-09-08 18:42:00  [ http-nio-8088-exec-3:2136546 ] - [ INFO ]  Path:DiseaseByName,name:肺炎	flag:true
2020-09-08 18:42:14  [ http-nio-8088-exec-2:2150675 ] - [ INFO ]  Path:DiseaseByName,name:肺	flag:true
2020-09-08 18:42:20  [ http-nio-8088-exec-6:2157185 ] - [ INFO ]  Path:DiseaseByName,name:肺炎	flag:true
2020-09-08 18:42:27  [ http-nio-8088-exec-9:2163702 ] - [ INFO ]  Path:DiseaseByName,name:肺	flag:true
2020-09-08 18:42:37  [ http-nio-8088-exec-5:2173885 ] - [ INFO ]  Path:DiseaseByName,name:肺炎	flag:true
2020-09-08 18:42:40  [ http-nio-8088-exec-7:2177213 ] - [ INFO ]  Path:DiseaseByName,name:肺	flag:true
2020-09-08 18:43:48  [ http-nio-8088-exec-3:2244952 ] - [ INFO ]  Path:DiseaseByName,name:肺炎	flag:true
2020-09-08 18:45:21  [ http-nio-8088-exec-4:2337482 ] - [ INFO ]  Path:DiseaseByName,name:%E8%82%BA%E7%82%8E	flag:true
2020-09-08 18:45:25  [ http-nio-8088-exec-6:2341649 ] - [ INFO ]  Path:DiseaseByName,name:肺炎	flag:true
2020-09-08 18:45:42  [ http-nio-8088-exec-9:2358490 ] - [ INFO ]  Path:DiseaseByName,name:肺	flag:true
2020-09-08 18:45:52  [ http-nio-8088-exec-5:2369098 ] - [ INFO ]  Path:DiseaseByName,name:肺	flag:true
2020-09-08 18:46:03  [ http-nio-8088-exec-10:2380390 ] - [ INFO ]  Path:DiseaseByName,name:肺	flag:true
2020-09-08 18:46:10  [ http-nio-8088-exec-3:2386801 ] - [ INFO ]  Path:DiseaseByName,name:肺	flag:true
2020-09-08 18:46:16  [ http-nio-8088-exec-4:2393173 ] - [ INFO ]  Path:DiseaseByName,name:肺	flag:true
2020-09-08 18:46:24  [ http-nio-8088-exec-9:2401108 ] - [ INFO ]  Path:DiseaseByName,name:肺	flag:true
2020-09-08 18:46:37  [ http-nio-8088-exec-5:2413869 ] - [ INFO ]  Path:DiseaseByName,name:肺	flag:true
2020-09-08 18:46:42  [ http-nio-8088-exec-10:2419014 ] - [ INFO ]  Path:DiseaseByName,name:肺	flag:true
2020-09-08 18:46:47  [ http-nio-8088-exec-3:2423906 ] - [ INFO ]  Path:DiseaseByName,name:肺	flag:true
2020-09-08 18:46:52  [ http-nio-8088-exec-4:2428943 ] - [ INFO ]  Path:DiseaseByName,name:肺	flag:true
2020-09-08 18:46:57  [ http-nio-8088-exec-9:2434401 ] - [ INFO ]  Path:DiseaseByName,name:肺	flag:true
2020-09-08 18:47:05  [ http-nio-8088-exec-5:2441977 ] - [ INFO ]  Path:DiseaseByName,name:肺	flag:true
2020-09-08 18:47:10  [ http-nio-8088-exec-10:2447429 ] - [ INFO ]  Path:DiseaseByName,name:肺	flag:true
2020-09-08 18:47:17  [ http-nio-8088-exec-3:2453978 ] - [ INFO ]  Path:DiseaseByName,name:肺	flag:true
2020-09-08 18:47:18  [ http-nio-8088-exec-2:2455223 ] - [ INFO ]  Path:DiseaseByName,name:肺	flag:false
2020-09-08 18:47:24  [ http-nio-8088-exec-6:2461394 ] - [ INFO ]  Path:DiseaseByName,name:肺	flag:true
2020-09-08 18:47:26  [ http-nio-8088-exec-9:2462649 ] - [ INFO ]  Path:DiseaseByName,name:肺	flag:false
2020-09-08 18:47:32  [ http-nio-8088-exec-5:2468533 ] - [ INFO ]  Path:DiseaseByName,name:肺	flag:true
2020-09-08 18:47:36  [ http-nio-8088-exec-10:2473232 ] - [ INFO ]  Path:DiseaseByName,name:肺	flag:true
2020-09-08 18:47:41  [ http-nio-8088-exec-3:2478113 ] - [ INFO ]  Path:DiseaseByName,name:肺	flag:true
2020-09-08 18:47:47  [ http-nio-8088-exec-4:2484307 ] - [ INFO ]  Path:DiseaseByName,name:肺	flag:true
2020-09-08 18:48:09  [ http-nio-8088-exec-9:2506029 ] - [ INFO ]  Path:DiseaseByName,name:肺炎	flag:true
2020-09-08 18:48:18  [ http-nio-8088-exec-8:2514977 ] - [ INFO ]  Path:DiseaseByName,name:肺	flag:true
2020-09-08 18:48:41  [ http-nio-8088-exec-3:2537827 ] - [ INFO ]  Path:DiseaseByName,name:肺炎	flag:true
2020-09-08 18:49:34  [ http-nio-8088-exec-1:2590948 ] - [ INFO ]  Path:DiseaseByName,name:肺炎	flag:true
2020-09-08 18:50:02  [ http-nio-8088-exec-8:2618960 ] - [ INFO ]  Path:DiseaseByName,name:肺炎	flag:true
2020-09-08 18:50:23  [ http-nio-8088-exec-1:2639984 ] - [ INFO ]  Path:DiseaseByName,name:测试添加词条	flag:true
2020-09-08 18:51:28  [ http-nio-8088-exec-8:2705443 ] - [ INFO ]  Path:DiseaseByName,name:肺炎	flag:true
2020-09-08 18:51:32  [ http-nio-8088-exec-7:2708716 ] - [ INFO ]  Path:DiseaseByName,name:肺	flag:true
2020-09-08 18:53:41  [ http-nio-8088-exec-6:2837453 ] - [ INFO ]  Path:DiseaseByName,name:%E8%82%BA	flag:true
2020-09-08 18:53:44  [ http-nio-8088-exec-3:2840915 ] - [ INFO ]  Path:DiseaseByName,name:肺	flag:true
2020-09-08 18:55:49  [ http-nio-8088-exec-8:2965527 ] - [ INFO ]  Path:DiseaseByName,name:肺	flag:true
2020-09-08 18:55:54  [ http-nio-8088-exec-5:2970867 ] - [ INFO ]  Path:DiseaseByName,name:肺	flag:true
